<?xml version="1.0" encoding="UTF-8"?>
<testng-results ignored="0" total="1" passed="1" failed="0" skipped="0">
  <reporter-output>
  </reporter-output>
  <suite started-at="2022-03-10T15:22:22 IST" name="Default suite" finished-at="2022-03-10T15:22:22 IST" duration-ms="54">
    <groups>
    </groups>
    <test started-at="2022-03-10T15:22:22 IST" name="Default test" finished-at="2022-03-10T15:22:22 IST" duration-ms="54">
      <class name="Demo">
        <test-method signature="demo()[pri:0, instance:Demo@2cdd0d4b]" started-at="2022-03-10T15:22:22 IST" name="demo" finished-at="2022-03-10T15:22:22 IST" duration-ms="7" status="PASS">
          <reporter-output>
          </reporter-output>
        </test-method> <!-- demo -->
      </class> <!-- Demo -->
    </test> <!-- Default test -->
  </suite> <!-- Default suite -->
</testng-results>
